INFO  2017-03-03 12:23:52,557 [main] com.complexible.stardog.StardogKernel:start(1871): Initializing Stardog

************************************************************
This copy of Stardog is licensed to John Deck (jdeck88@gmail.com), Biocode, LLC
This is a Community license
This license does not expire.
************************************************************

                                                             :;   
                                      ;;                   `;`:   
  `'+',    ::                        `++                    `;:`  
 +###++,  ,#+                        `++                    .     
 ##+.,',  '#+                         ++                     +    
,##      ####++  ####+:   ##,++` .###+++   .####+    ####++++#    
`##+     ####+'  ##+#++   ###++``###'+++  `###'+++  ###`,++,:     
 ####+    ##+        ++.  ##:   ###  `++  ###  `++` ##`  ++:      
  ###++,  ##+        ++,  ##`   ##;  `++  ##:   ++; ##,  ++:      
    ;+++  ##+    ####++,  ##`   ##:  `++  ##:   ++' ;##'#++       
     ;++  ##+   ###  ++,  ##`   ##'  `++  ##;   ++:  ####+        
,.   +++  ##+   ##:  ++,  ##`   ###  `++  ###  .++  '#;           
,####++'  +##++ ###+#+++` ##`   :####+++  `####++'  ;####++`      
`####+;    ##++  ###+,++` ##`    ;###:++   `###+;   `###++++      
                                                    ##   `++      
                                                   .##   ;++      
                                                    #####++`      
                                                     `;;;.        
************************************************************


Stardog server 4.2.3 started on Fri Mar 03 12:23:53 MST 2017.

Stardog server is listening on all network interfaces.
HTTP server available at http://localhost:5820.

STARDOG_HOME=/opt/stardog/stardog_home 

INFO  2017-03-03 12:23:53,453 [main] com.complexible.stardog.cli.impl.ServerStart:call(249): Memory options
INFO  2017-03-03 12:23:53,462 [main] com.complexible.stardog.cli.impl.ServerStart:call(250): Min Heap Size: 2.0G
INFO  2017-03-03 12:23:53,617 [main] com.complexible.stardog.cli.impl.ServerStart:call(251): Max Heap Size: 1.9G
INFO  2017-03-03 12:23:53,617 [main] com.complexible.stardog.cli.impl.ServerStart:call(252): Max Off-Heap : 1.0G
INFO  2017-03-03 12:23:53,618 [main] com.complexible.stardog.cli.impl.ServerStart:call(253): System Memory: 7.8G
INFO  2017-03-03 12:24:12,937 [Stardog.Executor-0] com.complexible.stardog.StardogKernel:write(77): Bulk loading data to new database pheno_paper_test.
INFO  2017-03-03 12:24:14,976 [Stardog.Executor-0] com.complexible.stardog.StardogKernel:write(77): Loaded 10,956 triples to pheno_paper_test from 1 file(s) in 00:00:02.101 @ 5.2K triples/sec.
INFO  2017-03-03 12:24:14,976 [Stardog.Executor-0] com.complexible.stardog.StardogKernel:write(77): Successfully created database 'pheno_paper_test'.
WARN  2017-03-03 12:24:33,271 [Stardog.Executor-20] com.clarkparsia.blackout.ProfileFilterBase:apply(39): Not a valid  OWL 2 QL axiom: Transitive(obo:BFO_0000050) 
WARN  2017-03-03 12:24:33,271 [Stardog.Executor-20] com.clarkparsia.blackout.ProfileFilterBase:apply(39): Not a valid  OWL 2 QL axiom: Transitive(obo:BFO_0000051) 
WARN  2017-03-03 12:24:33,271 [Stardog.Executor-20] com.clarkparsia.blackout.ProfileFilterBase:apply(39): Not a valid  OWL 2 QL axiom: Transitive(obo:BFO_0000062) 
WARN  2017-03-03 12:24:33,272 [Stardog.Executor-20] com.clarkparsia.blackout.ProfileFilterBase:apply(39): Not a valid  OWL 2 QL axiom: Transitive(obo:RO_0002086) 
WARN  2017-03-03 12:24:33,272 [Stardog.Executor-20] com.clarkparsia.blackout.ProfileFilterBase:apply(39): Not a valid  OWL 2 QL axiom: Transitive(obo:BFO_0000063) 
WARN  2017-03-03 12:24:33,272 [Stardog.Executor-20] com.clarkparsia.blackout.ProfileFilterBase:apply(39): Not a valid  OWL 2 QL axiom: Transitive(obo:RO_0002082) 
WARN  2017-03-03 12:24:33,272 [Stardog.Executor-20] com.clarkparsia.blackout.ProfileFilterBase:apply(39): Not a valid  OWL 2 QL axiom: Transitive(obo:RO_0002224) 
WARN  2017-03-03 12:24:33,272 [Stardog.Executor-20] com.clarkparsia.blackout.ProfileFilterBase:apply(39): Not a valid  OWL 2 QL axiom: Transitive(obo:RO_0002230) 
WARN  2017-03-03 12:24:33,273 [Stardog.Executor-20] com.clarkparsia.blackout.ProfileFilterBase:apply(39): Not a valid  OWL 2 QL axiom: Transitive(obo:RO_0002202) 
WARN  2017-03-03 12:24:33,282 [Stardog.Executor-20] com.clarkparsia.blackout.ProfileFilterBase:apply(39): Not a valid  OWL 2 QL axiom: Range(obo:PPO_0001002,xsd:float[>="0.0"^^xsd:float, <="1.0"^^xsd:float]) 
WARN  2017-03-03 12:24:33,283 [Stardog.Executor-20] com.clarkparsia.blackout.ProfileFilterBase:apply(39): Not a valid  OWL 2 QL axiom: Range(obo:PPO_0001003,xsd:float[>="0.0"^^xsd:float, <="1.0"^^xsd:float]) 
WARN  2017-03-03 12:24:33,319 [Stardog.Executor-20] com.clarkparsia.blackout.ProfileFilterBase:apply(39): Not a valid  OWL 2 QL axiom: SubClassOf(obo:IAO_0000007,all(obo:BFO_0000051,not(or(obo:IAO_0000005, obo:IAO_0000104)))) 
WARN  2017-03-03 12:24:33,324 [Stardog.Executor-20] com.clarkparsia.blackout.ProfileFilterBase:apply(39): Not a valid  OWL 2 QL axiom: SubClassOf(obo:OBI_0000947,some(obo:RO_0000052,or(obo:NCBITaxon_9606, obo:OBI_0000245))) 
WARN  2017-03-03 12:24:33,324 [Stardog.Executor-20] com.clarkparsia.blackout.ProfileFilterBase:apply(39): Not a valid  OWL 2 QL axiom: SubClassOf(obo:OBI_0000947,all(obo:BFO_0000054,obo:OBI_0000011)) 
WARN  2017-03-03 12:24:33,326 [Stardog.Executor-20] com.clarkparsia.blackout.ProfileFilterBase:apply(39): Not a valid  OWL 2 QL axiom: SubClassOf(obo:OBI_0000094,all(obo:OBI_0000293,obo:BFO_0000040)) 
WARN  2017-03-03 12:24:33,327 [Stardog.Executor-20] com.clarkparsia.blackout.ProfileFilterBase:apply(39): Not a valid  OWL 2 QL axiom: SubClassOf(obo:OBI_0000094,all(obo:OBI_0000299,obo:BFO_0000040)) 
WARN  2017-03-03 12:24:33,327 [Stardog.Executor-20] com.clarkparsia.blackout.ProfileFilterBase:apply(39): Not a valid  OWL 2 QL axiom: SubClassOf(obo:OBI_0000571,some(obo:RO_0000052,or(obo:NCBITaxon_9606, obo:OBI_0000245))) 
WARN  2017-03-03 12:24:33,328 [Stardog.Executor-20] com.clarkparsia.blackout.ProfileFilterBase:apply(39): Not a valid  OWL 2 QL axiom: SubClassOf(obo:OBI_0000571,all(obo:BFO_0000054,obo:OBI_0000457)) 
WARN  2017-03-03 12:24:33,331 [Stardog.Executor-20] com.clarkparsia.blackout.ProfileFilterBase:apply(39): Not a valid  OWL 2 QL axiom: SubClassOf(obo:OBI_0200000,some(obo:BFO_0000055,some(obo:RO_0000059,and(obo:IAO_0000064, some(obo:BFO_0000051,obo:IAO_0000005))))) 
WARN  2017-03-03 12:24:33,344 [Stardog.Executor-20] com.clarkparsia.blackout.ProfileFilterBase:apply(39): Not a valid  OWL 2 QL axiom: SubClassOf(obo:OBI_0200000,all(obo:OBI_0000293,obo:IAO_0000027)) 
WARN  2017-03-03 12:24:33,345 [Stardog.Executor-20] com.clarkparsia.blackout.ProfileFilterBase:apply(39): Not a valid  OWL 2 QL axiom: SubClassOf(obo:OBI_0200000,all(obo:OBI_0000299,obo:IAO_0000027)) 
WARN  2017-03-03 12:24:33,348 [Stardog.Executor-20] com.clarkparsia.blackout.ProfileFilterBase:apply(39): Not a valid  OWL 2 QL axiom: SubClassOf(obo:OBI_0200111,some(obo:OBI_0000299,or(obo:IAO_0000038, obo:IAO_0000101))) 
WARN  2017-03-03 12:24:33,348 [Stardog.Executor-20] com.clarkparsia.blackout.ProfileFilterBase:apply(39): Not a valid  OWL 2 QL axiom: SubClassOf(obo:OBI_0200111,all(obo:OBI_0000293,obo:IAO_0000027)) 
WARN  2017-03-03 12:24:33,348 [Stardog.Executor-20] com.clarkparsia.blackout.ProfileFilterBase:apply(39): Not a valid  OWL 2 QL axiom: SubClassOf(obo:OBI_0200111,all(obo:OBI_0000299,or(obo:IAO_0000038, obo:IAO_0000101))) 
WARN  2017-03-03 12:24:33,348 [Stardog.Executor-20] com.clarkparsia.blackout.ProfileFilterBase:apply(39): Not a valid  OWL 2 QL axiom: SubClassOf(obo:OBI_0200190,some(obo:OBI_0000299,or(obo:IAO_0000037, obo:IAO_0000179, obo:IAO_0000180, obo:IAO_0000183, obo:IAO_0000184))) 
WARN  2017-03-03 12:24:33,349 [Stardog.Executor-20] com.clarkparsia.blackout.ProfileFilterBase:apply(39): Not a valid  OWL 2 QL axiom: SubClassOf(obo:OBI_0200190,all(obo:OBI_0000293,obo:OBI_0000648)) 
WARN  2017-03-03 12:24:33,366 [Stardog.Executor-20] com.clarkparsia.blackout.ProfileFilterBase:apply(39): Not a valid  OWL 2 QL axiom: SubClassOf(obo:PPO_0000002,and(obo:PPO_0000001, some(obo:RO_0000057,and(and(obo:PO_0000003, some(obo:BFO_0000051,and(obo:PO_0025607, not(some(obo:BFO_0000051,obo:PPO_0000209))))), and(obo:PO_0000003, some(obo:RO_0000056,obo:PPO_0000200)))))) 
WARN  2017-03-03 12:24:33,367 [Stardog.Executor-20] com.clarkparsia.blackout.ProfileFilterBase:apply(39): Not a valid  OWL 2 QL axiom: SubClassOf(obo:PPO_0000200,and(or(and(obo:PO_0007033, some(obo:BFO_0000063,obo:GO_0097436)), and(obo:PO_0007033, some(obo:BFO_0000063,obo:UBERON_0000071))), or(and(obo:PO_0007033, some(obo:RO_0002224,obo:GO_0009845)), and(obo:PO_0007033, some(obo:RO_0002224,obo:GO_0097438))))) 
WARN  2017-03-03 12:24:33,367 [Stardog.Executor-20] com.clarkparsia.blackout.ProfileFilterBase:apply(39): Not a valid  OWL 2 QL axiom: SubClassOf(obo:PPO_0000003,and(obo:PPO_0000002, some(obo:RO_0000057,and(obo:PO_0000003, some(obo:RO_0000056,obo:PPO_0000201))))) 
WARN  2017-03-03 12:24:33,368 [Stardog.Executor-20] com.clarkparsia.blackout.ProfileFilterBase:apply(39): Not a valid  OWL 2 QL axiom: SubClassOf(obo:PPO_0000005,and(obo:PPO_0000002, some(obo:RO_0000057,and(obo:PO_0000003, some(obo:RO_0000056,obo:PPO_0000202))))) 
WARN  2017-03-03 12:24:33,368 [Stardog.Executor-20] com.clarkparsia.blackout.ProfileFilterBase:apply(39): Not a valid  OWL 2 QL axiom: SubClassOf(obo:PPO_0000007,and(obo:PPO_0000005, some(obo:RO_0000057,and(obo:PO_0000003, some(obo:RO_0000086,obo:PPO_0003008))))) 
WARN  2017-03-03 12:24:33,368 [Stardog.Executor-20] com.clarkparsia.blackout.ProfileFilterBase:apply(39): Not a valid  OWL 2 QL axiom: SubClassOf(obo:PPO_0000008,and(obo:PPO_0000005, some(obo:RO_0000057,and(obo:PO_0000003, some(obo:BFO_0000051,and(obo:PO_0009006, some(obo:RO_0000056,obo:PPO_0000203))))))) 
WARN  2017-03-03 12:24:33,374 [Stardog.Executor-20] com.clarkparsia.blackout.ProfileFilterBase:apply(39): Not a valid  OWL 2 QL axiom: SubClassOf(obo:PPO_0000009,and(obo:PPO_0000005, some(obo:RO_0000057,and(obo:PPO_0000205, some(obo:RO_0000086,obo:PPO_0003006))))) 
WARN  2017-03-03 12:24:33,375 [Stardog.Executor-20] com.clarkparsia.blackout.ProfileFilterBase:apply(39): Not a valid  OWL 2 QL axiom: SubClassOf(obo:PPO_0000010,and(obo:PPO_0000001, some(obo:RO_0000057,and(obo:PO_0000003, some(obo:RO_0000086,obo:PPO_0003002))))) 
WARN  2017-03-03 12:24:33,375 [Stardog.Executor-20] com.clarkparsia.blackout.ProfileFilterBase:apply(39): Not a valid  OWL 2 QL axiom: SubClassOf(obo:PPO_0000011,and(obo:PPO_0000010, some(obo:RO_0000057,and(obo:PO_0000003, some(obo:RO_0000086,obo:PPO_0003003))))) 
WARN  2017-03-03 12:24:33,375 [Stardog.Executor-20] com.clarkparsia.blackout.ProfileFilterBase:apply(39): Not a valid  OWL 2 QL axiom: SubClassOf(obo:PPO_0000012,and(obo:PPO_0000010, some(obo:RO_0000057,and(obo:PO_0000003, some(obo:RO_0000086,obo:PPO_0003004))))) 
WARN  2017-03-03 12:24:33,376 [Stardog.Executor-20] com.clarkparsia.blackout.ProfileFilterBase:apply(39): Not a valid  OWL 2 QL axiom: SubClassOf(obo:PPO_0000013,and(obo:PPO_0000010, some(obo:RO_0000057,and(obo:PO_0000003, some(obo:RO_0000086,obo:PPO_0003005))))) 
WARN  2017-03-03 12:24:33,376 [Stardog.Executor-20] com.clarkparsia.blackout.ProfileFilterBase:apply(39): Not a valid  OWL 2 QL axiom: SubClassOf(obo:PPO_0000014,and(obo:PPO_0000001, some(obo:RO_0000057,and(obo:PO_0000003, some(obo:RO_0000086,obo:PPO_0003007))))) 
WARN  2017-03-03 12:24:33,376 [Stardog.Executor-20] com.clarkparsia.blackout.ProfileFilterBase:apply(39): Not a valid  OWL 2 QL axiom: SubClassOf(obo:PPO_0000100,and(obo:PPO_0000001, some(obo:RO_0000057,and(obo:PO_0000003, some(obo:RO_0000086,obo:PPO_0003009))))) 
WARN  2017-03-03 12:24:33,377 [Stardog.Executor-20] com.clarkparsia.blackout.ProfileFilterBase:apply(39): Not a valid  OWL 2 QL axiom: SubClassOf(obo:PPO_0000101,and(obo:PPO_0000100, some(obo:RO_0000057,and(obo:PO_0000003, some(obo:RO_0000086,obo:PPO_0003011))))) 
WARN  2017-03-03 12:24:33,377 [Stardog.Executor-20] com.clarkparsia.blackout.ProfileFilterBase:apply(39): Not a valid  OWL 2 QL axiom: SubClassOf(obo:PPO_0000102,and(obo:PPO_0000101, some(obo:RO_0000057,and(obo:PO_0000003, some(obo:RO_0000086,obo:PPO_0003012))))) 
WARN  2017-03-03 12:24:33,377 [Stardog.Executor-20] com.clarkparsia.blackout.ProfileFilterBase:apply(39): Not a valid  OWL 2 QL axiom: SubClassOf(obo:PPO_0000103,and(obo:PPO_0000001, some(obo:RO_0000057,and(obo:PO_0000003, some(obo:RO_0000086,obo:PPO_0003013))))) 
WARN  2017-03-03 12:24:33,378 [Stardog.Executor-20] com.clarkparsia.blackout.ProfileFilterBase:apply(39): Not a valid  OWL 2 QL axiom: SubClassOf(obo:PPO_0000104,and(obo:PPO_0000103, some(obo:RO_0000057,and(obo:PO_0000003, some(obo:RO_0000086,obo:PPO_0003014))))) 
WARN  2017-03-03 12:24:33,378 [Stardog.Executor-20] com.clarkparsia.blackout.ProfileFilterBase:apply(39): Not a valid  OWL 2 QL axiom: SubClassOf(obo:PPO_0000105,and(obo:PPO_0000001, some(obo:RO_0000057,and(obo:PO_0000003, some(obo:RO_0000086,obo:PPO_0003015))))) 
WARN  2017-03-03 12:24:33,378 [Stardog.Executor-20] com.clarkparsia.blackout.ProfileFilterBase:apply(39): Not a valid  OWL 2 QL axiom: SubClassOf(obo:PPO_0000106,and(obo:PPO_0000001, some(obo:RO_0000057,and(obo:PO_0000003, some(obo:RO_0000086,obo:PPO_0003016))))) 
WARN  2017-03-03 12:24:33,378 [Stardog.Executor-20] com.clarkparsia.blackout.ProfileFilterBase:apply(39): Not a valid  OWL 2 QL axiom: SubClassOf(obo:PPO_0000107,and(obo:PPO_0000106, some(obo:RO_0000057,and(obo:PO_0000003, some(obo:RO_0000086,obo:PPO_0003017))))) 
WARN  2017-03-03 12:24:33,379 [Stardog.Executor-20] com.clarkparsia.blackout.ProfileFilterBase:apply(39): Not a valid  OWL 2 QL axiom: SubClassOf(obo:PPO_0000108,and(obo:PPO_0000107, some(obo:RO_0000057,and(obo:PO_0000003, some(obo:RO_0000086,obo:PPO_0003018))))) 
WARN  2017-03-03 12:24:33,379 [Stardog.Executor-20] com.clarkparsia.blackout.ProfileFilterBase:apply(39): Not a valid  OWL 2 QL axiom: SubClassOf(obo:PPO_0000109,and(obo:PPO_0000108, some(obo:RO_0000057,and(obo:PO_0000003, some(obo:RO_0000086,obo:PPO_0003019))))) 
WARN  2017-03-03 12:24:33,379 [Stardog.Executor-20] com.clarkparsia.blackout.ProfileFilterBase:apply(39): Not a valid  OWL 2 QL axiom: SubClassOf(obo:PPO_0000110,and(obo:PPO_0000106, some(obo:RO_0000057,and(obo:PO_0000003, some(obo:RO_0000086,obo:PPO_0003020))))) 
WARN  2017-03-03 12:24:33,380 [Stardog.Executor-20] com.clarkparsia.blackout.ProfileFilterBase:apply(39): Not a valid  OWL 2 QL axiom: SubClassOf(obo:PPO_0000111,and(obo:PPO_0000110, some(obo:RO_0000057,and(obo:PO_0000003, some(obo:RO_0000086,obo:PPO_0003021))))) 
WARN  2017-03-03 12:24:33,380 [Stardog.Executor-20] com.clarkparsia.blackout.ProfileFilterBase:apply(39): Not a valid  OWL 2 QL axiom: SubClassOf(obo:PPO_0000112,and(obo:PPO_0000110, some(obo:RO_0000057,and(obo:PO_0000003, some(obo:RO_0000086,obo:PPO_0003022))))) 
WARN  2017-03-03 12:24:33,380 [Stardog.Executor-20] com.clarkparsia.blackout.ProfileFilterBase:apply(39): Not a valid  OWL 2 QL axiom: SubClassOf(obo:PPO_0000113,and(obo:PPO_0000001, some(obo:RO_0000057,and(obo:PO_0000003, some(obo:RO_0000086,obo:PPO_0003023))))) 
WARN  2017-03-03 12:24:33,382 [Stardog.Executor-20] com.clarkparsia.blackout.ProfileFilterBase:apply(39): Not a valid  OWL 2 QL axiom: SubClassOf(obo:PPO_0002000,and(obo:BCO_0000003, some(obo:OBI_0000293,obo:PO_0000003), some(obo:OBI_0000299,and(obo:IAO_0000109, some(obo:IAO_0000136,obo:PPO_0002001))))) 
WARN  2017-03-03 12:24:33,401 [Stardog.Executor-20] com.clarkparsia.blackout.ProfileFilterBase:apply(39): Not a valid  OWL 2 QL axiom: DisjointClasses(some(obo:BFO_0000050,obo:UBERON_0000068), some(obo:BFO_0000050,obo:UBERON_0000092)) 
WARN  2017-03-03 12:24:33,402 [Stardog.Executor-20] com.clarkparsia.blackout.ProfileFilterBase:apply(39): Not a valid  OWL 2 QL axiom: EquivalentClasses(obo:PCO_0000031, or(obo:CARO_0001010, obo:PCO_0000000)) 
WARN  2017-03-03 12:24:33,404 [Stardog.Executor-20] com.clarkparsia.blackout.ProfileFilterBase:apply(39): Not a valid  OWL 2 QL axiom: EquivalentClasses(obo:OBI_0000011, some(obo:BFO_0000055,some(obo:RO_0000059,obo:IAO_0000104))) 
WARN  2017-03-03 12:24:33,404 [Stardog.Executor-20] com.clarkparsia.blackout.ProfileFilterBase:apply(39): Not a valid  OWL 2 QL axiom: EquivalentClasses(obo:GO_0003006, and(obo:GO_0032502, some(obo:BFO_0000050,obo:GO_0000003))) 
WARN  2017-03-03 12:24:33,405 [Stardog.Executor-20] com.clarkparsia.blackout.ProfileFilterBase:apply(39): Not a valid  OWL 2 QL axiom: EquivalentClasses(obo:GO_0022414, and(obo:GO_0008150, some(obo:BFO_0000050,obo:GO_0000003))) 
WARN  2017-03-03 12:24:33,406 [Stardog.Executor-20] com.clarkparsia.blackout.ProfileFilterBase:apply(39): Not a valid  OWL 2 QL axiom: EquivalentClasses(obo:IAO_0000078, oneOf(obo:IAO_0000002, obo:IAO_0000120, obo:IAO_0000121, obo:IAO_0000122, obo:IAO_0000123, obo:IAO_0000124, obo:IAO_0000125, obo:IAO_0000423, obo:IAO_0000428)) 
WARN  2017-03-03 12:24:33,407 [Stardog.Executor-20] com.clarkparsia.blackout.ProfileFilterBase:apply(39): Not a valid  OWL 2 QL axiom: EquivalentClasses(obo:IAO_0000178, and(obo:BFO_0000040, some(obo:RO_0000053,some(obo:RO_0000059,obo:IAO_0000030)))) 
WARN  2017-03-03 12:24:33,407 [Stardog.Executor-20] com.clarkparsia.blackout.ProfileFilterBase:apply(39): Not a valid  OWL 2 QL axiom: EquivalentClasses(obo:IAO_0000225, oneOf(obo:IAO_0000103, obo:IAO_0000226, obo:IAO_0000227, obo:IAO_0000228, obo:IAO_0000229)) 
WARN  2017-03-03 12:24:33,407 [Stardog.Executor-20] com.clarkparsia.blackout.ProfileFilterBase:apply(39): Not a valid  OWL 2 QL axiom: EquivalentClasses(obo:IAO_0000409, oneOf(obo:IAO_0000410, obo:IAO_0000420, obo:IAO_0000421)) 
WARN  2017-03-03 12:24:33,408 [Stardog.Executor-20] com.clarkparsia.blackout.ProfileFilterBase:apply(39): Not a valid  OWL 2 QL axiom: EquivalentClasses(obo:OBI_0100026, or(obo:NCBITaxon_10239, obo:NCBITaxon_2, obo:NCBITaxon_2157, obo:NCBITaxon_2759)) 
WARN  2017-03-03 12:24:33,408 [Stardog.Executor-20] com.clarkparsia.blackout.ProfileFilterBase:apply(39): Not a valid  OWL 2 QL axiom: EquivalentClasses(obo:OBI_0000023, some(obo:OBI_0000312,obo:OBI_0000663)) 
WARN  2017-03-03 12:24:33,408 [Stardog.Executor-20] com.clarkparsia.blackout.ProfileFilterBase:apply(39): Not a valid  OWL 2 QL axiom: EquivalentClasses(obo:OBI_0000663, or(some(obo:OBI_0000299,obo:OBI_0000023), some(obo:OBI_0000417,obo:OBI_0200179))) 
WARN  2017-03-03 12:24:33,410 [Stardog.Executor-20] com.clarkparsia.blackout.ProfileFilterBase:apply(39): Not a valid  OWL 2 QL axiom: EquivalentClasses(obo:OBI_0000047, and(obo:BFO_0000040, some(obo:OBI_0000312,obo:OBI_0000094))) 
WARN  2017-03-03 12:24:33,410 [Stardog.Executor-20] com.clarkparsia.blackout.ProfileFilterBase:apply(39): Not a valid  OWL 2 QL axiom: EquivalentClasses(obo:OBI_0000094, some(obo:OBI_0000417,obo:OBI_0000456)) 
WARN  2017-03-03 12:24:33,410 [Stardog.Executor-20] com.clarkparsia.blackout.ProfileFilterBase:apply(39): Not a valid  OWL 2 QL axiom: EquivalentClasses(obo:OBI_0000450, and(obo:OBI_0000245, some(obo:RO_0000087,obo:OBI_0000014))) 
WARN  2017-03-03 12:24:33,410 [Stardog.Executor-20] com.clarkparsia.blackout.ProfileFilterBase:apply(39): Not a valid  OWL 2 QL axiom: EquivalentClasses(obo:OBI_0000457, some(obo:OBI_0000417,obo:OBI_0000458)) 
WARN  2017-03-03 12:24:33,411 [Stardog.Executor-20] com.clarkparsia.blackout.ProfileFilterBase:apply(39): Not a valid  OWL 2 QL axiom: EquivalentClasses(obo:OBI_0000648, some(obo:OBI_0000312,obo:OBI_0200175)) 
WARN  2017-03-03 12:24:33,411 [Stardog.Executor-20] com.clarkparsia.blackout.ProfileFilterBase:apply(39): Not a valid  OWL 2 QL axiom: EquivalentClasses(obo:OBI_0200175, or(some(obo:OBI_0000299,obo:OBI_0000648), some(obo:OBI_0000417,obo:OBI_0200178))) 
WARN  2017-03-03 12:24:33,411 [Stardog.Executor-20] com.clarkparsia.blackout.ProfileFilterBase:apply(39): Not a valid  OWL 2 QL axiom: EquivalentClasses(obo:OBI_0200000, some(obo:OBI_0000417,obo:OBI_0200166)) 
WARN  2017-03-03 12:24:33,411 [Stardog.Executor-20] com.clarkparsia.blackout.ProfileFilterBase:apply(39): Not a valid  OWL 2 QL axiom: EquivalentClasses(obo:OBI_0000707, some(obo:OBI_0000417,obo:OBI_0000704)) 
WARN  2017-03-03 12:24:33,412 [Stardog.Executor-20] com.clarkparsia.blackout.ProfileFilterBase:apply(39): Not a valid  OWL 2 QL axiom: EquivalentClasses(obo:OBI_0200171, some(obo:OBI_0000417,obo:OBI_0200172)) 
WARN  2017-03-03 12:24:33,413 [Stardog.Executor-20] com.clarkparsia.blackout.ProfileFilterBase:apply(39): Not a valid  OWL 2 QL axiom: EquivalentClasses(obo:OBI_0000792, some(obo:OBI_0000417,obo:OBI_0200188)) 
WARN  2017-03-03 12:24:33,413 [Stardog.Executor-20] com.clarkparsia.blackout.ProfileFilterBase:apply(39): Not a valid  OWL 2 QL axiom: EquivalentClasses(obo:OBI_0000835, and(or(obo:NCBITaxon_9606, obo:OBI_0000245), some(obo:RO_0000087,obo:OBI_0000571))) 
WARN  2017-03-03 12:24:33,416 [Stardog.Executor-20] com.clarkparsia.blackout.ProfileFilterBase:apply(39): Not a valid  OWL 2 QL axiom: EquivalentClasses(obo:PCO_0000000, and(all(obo:RO_0002351,obo:CARO_0001010), min(obo:RO_0002351,2,obo:CARO_0001010))) 
WARN  2017-03-03 12:24:33,417 [Stardog.Executor-20] com.clarkparsia.blackout.ProfileFilterBase:apply(39): Not a valid  OWL 2 QL axiom: EquivalentClasses(obo:PCO_0000018, and(all(obo:RO_0002351,obo:CARO_0001010), all(obo:RO_0002351,cardinality(obo:RO_0002350,1,obo:PCO_0000017)), min(obo:RO_0002351,2,obo:CARO_0001010))) 
WARN  2017-03-03 12:24:33,417 [Stardog.Executor-20] com.clarkparsia.blackout.ProfileFilterBase:apply(39): Not a valid  OWL 2 QL axiom: EquivalentClasses(obo:PO_0025028, and(obo:PO_0025606, some(obo:BFO_0000050,obo:PO_0009009))) 
WARN  2017-03-03 12:24:33,417 [Stardog.Executor-20] com.clarkparsia.blackout.ProfileFilterBase:apply(39): Not a valid  OWL 2 QL axiom: EquivalentClasses(obo:PO_0025099, and(obo:PO_0009011, some(obo:BFO_0000050,obo:PO_0009009))) 
WARN  2017-03-03 12:24:33,418 [Stardog.Executor-20] com.clarkparsia.blackout.ProfileFilterBase:apply(39): Not a valid  OWL 2 QL axiom: EquivalentClasses(obo:PO_0025233, and(obo:PO_0009007, some(obo:BFO_0000050,obo:PO_0009009))) 
WARN  2017-03-03 12:24:33,418 [Stardog.Executor-20] com.clarkparsia.blackout.ProfileFilterBase:apply(39): Not a valid  OWL 2 QL axiom: EquivalentClasses(obo:PO_0025395, and(obo:PO_0009008, some(obo:BFO_0000050,obo:PO_0009046))) 
WARN  2017-03-03 12:24:33,418 [Stardog.Executor-20] com.clarkparsia.blackout.ProfileFilterBase:apply(39): Not a valid  OWL 2 QL axiom: EquivalentClasses(obo:PPO_0000209, and(obo:PO_0009025, not(obo:PO_0020030))) 
WARN  2017-03-03 12:24:33,418 [Stardog.Executor-20] com.clarkparsia.blackout.ProfileFilterBase:apply(39): Not a valid  OWL 2 QL axiom: EquivalentClasses(obo:PPO_0000201, and(obo:PPO_0000200, some(obo:RO_0002224,obo:GO_0009845))) 
WARN  2017-03-03 12:24:33,419 [Stardog.Executor-20] com.clarkparsia.blackout.ProfileFilterBase:apply(39): Not a valid  OWL 2 QL axiom: EquivalentClasses(obo:PPO_0000202, and(obo:PPO_0000200, some(obo:RO_0002224,obo:GO_0097438))) 
WARN  2017-03-03 12:24:33,419 [Stardog.Executor-20] com.clarkparsia.blackout.ProfileFilterBase:apply(39): Not a valid  OWL 2 QL axiom: EquivalentClasses(obo:PPO_0003008, and(obo:PPO_0002010, some(obo:RO_0000080,and(obo:PO_0000003, some(obo:BFO_0000051,obo:PPO_0000208))))) 
WARN  2017-03-03 12:24:33,420 [Stardog.Executor-20] com.clarkparsia.blackout.ProfileFilterBase:apply(39): Not a valid  OWL 2 QL axiom: EquivalentClasses(obo:PPO_0003006, and(obo:PPO_0002008, some(obo:RO_0000080,and(obo:PO_0000003, some(obo:BFO_0000051,and(obo:PO_0000058, some(obo:RO_0000056,obo:PO_0025532))))))) 
WARN  2017-03-03 12:24:33,421 [Stardog.Executor-20] com.clarkparsia.blackout.ProfileFilterBase:apply(39): Not a valid  OWL 2 QL axiom: EquivalentClasses(obo:PPO_0003002, and(obo:PPO_0002004, some(obo:RO_0000080,and(obo:PO_0000003, some(obo:BFO_0000051,obo:PPO_0000209))))) 
WARN  2017-03-03 12:24:33,421 [Stardog.Executor-20] com.clarkparsia.blackout.ProfileFilterBase:apply(39): Not a valid  OWL 2 QL axiom: EquivalentClasses(obo:PPO_0003003, and(obo:PPO_0002005, some(obo:RO_0000080,and(obo:PO_0000003, some(obo:BFO_0000051,and(obo:PPO_0000209, some(obo:RO_0000056,obo:PO_0001052))))))) 
WARN  2017-03-03 12:24:33,422 [Stardog.Executor-20] com.clarkparsia.blackout.ProfileFilterBase:apply(39): Not a valid  OWL 2 QL axiom: EquivalentClasses(obo:PPO_0003004, and(obo:PPO_0002006, some(obo:RO_0000080,and(obo:PO_0000003, some(obo:BFO_0000051,and(obo:PPO_0000209, some(obo:RO_0000056,obo:PO_0001053))))))) 
WARN  2017-03-03 12:24:33,422 [Stardog.Executor-20] com.clarkparsia.blackout.ProfileFilterBase:apply(39): Not a valid  OWL 2 QL axiom: EquivalentClasses(obo:PPO_0003005, and(obo:PPO_0002007, some(obo:RO_0000080,and(obo:PO_0000003, some(obo:BFO_0000051,and(obo:PPO_0000209, some(obo:RO_0000056,obo:PO_0001054))))))) 
WARN  2017-03-03 12:24:33,423 [Stardog.Executor-20] com.clarkparsia.blackout.ProfileFilterBase:apply(39): Not a valid  OWL 2 QL axiom: EquivalentClasses(obo:PPO_0003009, and(obo:PPO_0002011, some(obo:RO_0000080,and(obo:PO_0000003, some(obo:BFO_0000051,or(obo:PO_0000056, obo:PPO_0000214, obo:PPO_0000215)))))) 
WARN  2017-03-03 12:24:33,424 [Stardog.Executor-20] com.clarkparsia.blackout.ProfileFilterBase:apply(39): Not a valid  OWL 2 QL axiom: EquivalentClasses(obo:PPO_0003011, and(obo:PPO_0002013, some(obo:RO_0000080,and(obo:PO_0000003, some(obo:BFO_0000051,and(obo:PPO_0000214, some(obo:RO_0000056,obo:PPO_0000212))))))) 
WARN  2017-03-03 12:24:33,424 [Stardog.Executor-20] com.clarkparsia.blackout.ProfileFilterBase:apply(39): Not a valid  OWL 2 QL axiom: EquivalentClasses(obo:PPO_0003012, and(obo:PPO_0002014, some(obo:RO_0000080,and(obo:PO_0000003, some(obo:BFO_0000051,and(obo:PPO_0000214, some(obo:RO_0000056,obo:PPO_0000213))))))) 
WARN  2017-03-03 12:24:33,426 [Stardog.Executor-20] com.clarkparsia.blackout.ProfileFilterBase:apply(39): Not a valid  OWL 2 QL axiom: EquivalentClasses(obo:PPO_0003013, and(obo:PPO_0002015, some(obo:RO_0000080,and(obo:PO_0000003, some(obo:BFO_0000051,obo:PO_0009001))))) 
WARN  2017-03-03 12:24:33,428 [Stardog.Executor-20] com.clarkparsia.blackout.ProfileFilterBase:apply(39): Not a valid  OWL 2 QL axiom: EquivalentClasses(obo:PPO_0003014, and(obo:PPO_0002016, some(obo:RO_0000080,and(obo:PO_0000003, some(obo:BFO_0000051,obo:PPO_0000210))))) 
WARN  2017-03-03 12:24:33,429 [Stardog.Executor-20] com.clarkparsia.blackout.ProfileFilterBase:apply(39): Not a valid  OWL 2 QL axiom: EquivalentClasses(obo:PPO_0003016, and(obo:PPO_0002018, some(obo:RO_0000080,and(obo:PO_0000003, some(obo:BFO_0000051,obo:PO_0025083))))) 
WARN  2017-03-03 12:24:33,429 [Stardog.Executor-20] com.clarkparsia.blackout.ProfileFilterBase:apply(39): Not a valid  OWL 2 QL axiom: EquivalentClasses(obo:PPO_0003017, and(obo:PPO_0002019, some(obo:RO_0000080,and(obo:PO_0000003, some(obo:BFO_0000051,obo:PPO_0000219))))) 
WARN  2017-03-03 12:24:33,429 [Stardog.Executor-20] com.clarkparsia.blackout.ProfileFilterBase:apply(39): Not a valid  OWL 2 QL axiom: EquivalentClasses(obo:PPO_0003018, and(obo:PPO_0002020, some(obo:RO_0000080,and(obo:PO_0000003, some(obo:BFO_0000051,and(obo:PPO_0000219, some(obo:RO_0000056,obo:PPO_0000217))))))) 
WARN  2017-03-03 12:24:33,429 [Stardog.Executor-20] com.clarkparsia.blackout.ProfileFilterBase:apply(39): Not a valid  OWL 2 QL axiom: EquivalentClasses(obo:PPO_0003019, and(obo:PPO_0002021, some(obo:RO_0000080,and(obo:PO_0000003, some(obo:BFO_0000051,and(obo:PPO_0000219, some(obo:RO_0000056,obo:PPO_0000218))))))) 
WARN  2017-03-03 12:24:33,430 [Stardog.Executor-20] com.clarkparsia.blackout.ProfileFilterBase:apply(39): Not a valid  OWL 2 QL axiom: EquivalentClasses(obo:PPO_0003020, and(obo:PPO_0002022, some(obo:RO_0000080,and(obo:PO_0000003, some(obo:BFO_0000051,obo:PPO_0000222))))) 
WARN  2017-03-03 12:24:33,430 [Stardog.Executor-20] com.clarkparsia.blackout.ProfileFilterBase:apply(39): Not a valid  OWL 2 QL axiom: EquivalentClasses(obo:PPO_0003021, and(obo:PPO_0002023, some(obo:RO_0000080,and(obo:PO_0000003, some(obo:BFO_0000051,obo:PPO_0000220))))) 
WARN  2017-03-03 12:24:33,430 [Stardog.Executor-20] com.clarkparsia.blackout.ProfileFilterBase:apply(39): Not a valid  OWL 2 QL axiom: EquivalentClasses(obo:PPO_0003022, and(obo:PPO_0002024, some(obo:RO_0000080,and(obo:PO_0000003, some(obo:BFO_0000051,obo:PPO_0000221))))) 
WARN  2017-03-03 12:24:33,431 [Stardog.Executor-20] com.clarkparsia.blackout.ProfileFilterBase:apply(39): Not a valid  OWL 2 QL axiom: EquivalentClasses(obo:PPO_0000210, and(obo:PO_0009001, some(obo:RO_0000056,obo:PO_0025502))) 
WARN  2017-03-03 12:24:33,431 [Stardog.Executor-20] com.clarkparsia.blackout.ProfileFilterBase:apply(39): Not a valid  OWL 2 QL axiom: EquivalentClasses(obo:PPO_0003000, and(obo:PPO_0002002, some(obo:RO_0000080,and(obo:PO_0000003, some(obo:BFO_0000051,obo:PO_0009011))))) 
WARN  2017-03-03 12:24:33,431 [Stardog.Executor-20] com.clarkparsia.blackout.ProfileFilterBase:apply(39): Not a valid  OWL 2 QL axiom: EquivalentClasses(obo:PPO_0003010, and(obo:PPO_0002012, some(obo:RO_0000080,and(obo:PO_0000003, some(obo:BFO_0000051,obo:PPO_0000215))))) 
WARN  2017-03-03 12:24:33,432 [Stardog.Executor-20] com.clarkparsia.blackout.ProfileFilterBase:apply(39): Not a valid  OWL 2 QL axiom: EquivalentClasses(obo:PPO_0004000, and(obo:PO_0000003, some(obo:RO_0000056,obo:PPO_0000010))) 
WARN  2017-03-03 12:24:33,432 [Stardog.Executor-20] com.clarkparsia.blackout.ProfileFilterBase:apply(39): Not a valid  OWL 2 QL axiom: EquivalentClasses(obo:PPO_0004000, and(obo:PO_0000003, some(obo:RO_0000086,obo:PPO_0003002))) 
WARN  2017-03-03 12:24:33,432 [Stardog.Executor-20] com.clarkparsia.blackout.ProfileFilterBase:apply(39): Not a valid  OWL 2 QL axiom: EquivalentClasses(obo:PPO_0004001, and(obo:PO_0000003, some(obo:RO_0000056,obo:PPO_0000011))) 
WARN  2017-03-03 12:24:33,432 [Stardog.Executor-20] com.clarkparsia.blackout.ProfileFilterBase:apply(39): Not a valid  OWL 2 QL axiom: EquivalentClasses(obo:PPO_0004001, and(obo:PO_0000003, some(obo:RO_0000086,obo:PPO_0003003))) 
WARN  2017-03-03 12:24:33,432 [Stardog.Executor-20] com.clarkparsia.blackout.ProfileFilterBase:apply(39): Not a valid  OWL 2 QL axiom: EquivalentClasses(obo:PPO_0004002, and(obo:PO_0000003, some(obo:RO_0000056,obo:PPO_0000012))) 
WARN  2017-03-03 12:24:33,433 [Stardog.Executor-20] com.clarkparsia.blackout.ProfileFilterBase:apply(39): Not a valid  OWL 2 QL axiom: EquivalentClasses(obo:PPO_0004002, and(obo:PO_0000003, some(obo:RO_0000086,obo:PPO_0003004))) 
WARN  2017-03-03 12:24:33,433 [Stardog.Executor-20] com.clarkparsia.blackout.ProfileFilterBase:apply(39): Not a valid  OWL 2 QL axiom: EquivalentClasses(obo:PPO_0004003, and(obo:PO_0000003, some(obo:RO_0000056,obo:PPO_0000013))) 
WARN  2017-03-03 12:24:33,433 [Stardog.Executor-20] com.clarkparsia.blackout.ProfileFilterBase:apply(39): Not a valid  OWL 2 QL axiom: EquivalentClasses(obo:PPO_0004003, and(obo:PO_0000003, some(obo:RO_0000086,obo:PPO_0003005))) 
WARN  2017-03-03 12:24:33,434 [Stardog.Executor-20] com.clarkparsia.blackout.ProfileFilterBase:apply(39): Not a valid  OWL 2 QL axiom: EquivalentClasses(obo:PPO_0004004, and(obo:PO_0000003, some(obo:RO_0000056,obo:PPO_0000009))) 
WARN  2017-03-03 12:24:33,434 [Stardog.Executor-20] com.clarkparsia.blackout.ProfileFilterBase:apply(39): Not a valid  OWL 2 QL axiom: EquivalentClasses(obo:PPO_0004004, and(obo:PO_0000003, some(obo:RO_0000086,obo:PPO_0003006))) 
WARN  2017-03-03 12:24:33,434 [Stardog.Executor-20] com.clarkparsia.blackout.ProfileFilterBase:apply(39): Not a valid  OWL 2 QL axiom: EquivalentClasses(obo:PPO_0004005, and(obo:PO_0000003, some(obo:RO_0000056,obo:PPO_0000014))) 
WARN  2017-03-03 12:24:33,434 [Stardog.Executor-20] com.clarkparsia.blackout.ProfileFilterBase:apply(39): Not a valid  OWL 2 QL axiom: EquivalentClasses(obo:PPO_0004005, and(obo:PO_0000003, some(obo:RO_0000086,obo:PPO_0003007))) 
WARN  2017-03-03 12:24:33,435 [Stardog.Executor-20] com.clarkparsia.blackout.ProfileFilterBase:apply(39): Not a valid  OWL 2 QL axiom: EquivalentClasses(obo:PPO_0004006, and(obo:PO_0000003, some(obo:RO_0000056,obo:PPO_0000007))) 
WARN  2017-03-03 12:24:33,438 [Stardog.Executor-20] com.clarkparsia.blackout.ProfileFilterBase:apply(39): Not a valid  OWL 2 QL axiom: EquivalentClasses(obo:PPO_0004006, and(obo:PO_0000003, some(obo:RO_0000086,obo:PPO_0003008))) 
WARN  2017-03-03 12:24:33,438 [Stardog.Executor-20] com.clarkparsia.blackout.ProfileFilterBase:apply(39): Not a valid  OWL 2 QL axiom: EquivalentClasses(obo:PPO_0004007, and(obo:PO_0000003, some(obo:RO_0000056,obo:PPO_0000100))) 
WARN  2017-03-03 12:24:33,439 [Stardog.Executor-20] com.clarkparsia.blackout.ProfileFilterBase:apply(39): Not a valid  OWL 2 QL axiom: EquivalentClasses(obo:PPO_0004007, and(obo:PO_0000003, some(obo:RO_0000086,obo:PPO_0003009))) 
WARN  2017-03-03 12:24:33,439 [Stardog.Executor-20] com.clarkparsia.blackout.ProfileFilterBase:apply(39): Not a valid  OWL 2 QL axiom: EquivalentClasses(obo:PPO_0004009, and(obo:PO_0000003, some(obo:RO_0000056,obo:PPO_0000101))) 
WARN  2017-03-03 12:24:33,440 [Stardog.Executor-20] com.clarkparsia.blackout.ProfileFilterBase:apply(39): Not a valid  OWL 2 QL axiom: EquivalentClasses(obo:PPO_0004009, and(obo:PO_0000003, some(obo:RO_0000086,obo:PPO_0003011))) 
WARN  2017-03-03 12:24:33,442 [Stardog.Executor-20] com.clarkparsia.blackout.ProfileFilterBase:apply(39): Not a valid  OWL 2 QL axiom: EquivalentClasses(obo:PPO_0004010, and(obo:PO_0000003, some(obo:RO_0000056,obo:PPO_0000102))) 
WARN  2017-03-03 12:24:33,444 [Stardog.Executor-20] com.clarkparsia.blackout.ProfileFilterBase:apply(39): Not a valid  OWL 2 QL axiom: EquivalentClasses(obo:PPO_0004010, and(obo:PO_0000003, some(obo:RO_0000086,obo:PPO_0003012))) 
WARN  2017-03-03 12:24:33,444 [Stardog.Executor-20] com.clarkparsia.blackout.ProfileFilterBase:apply(39): Not a valid  OWL 2 QL axiom: EquivalentClasses(obo:PPO_0004011, and(obo:PO_0000003, some(obo:RO_0000056,obo:PPO_0000103))) 
WARN  2017-03-03 12:24:33,444 [Stardog.Executor-20] com.clarkparsia.blackout.ProfileFilterBase:apply(39): Not a valid  OWL 2 QL axiom: EquivalentClasses(obo:PPO_0004011, and(obo:PO_0000003, some(obo:RO_0000086,obo:PPO_0003013))) 
WARN  2017-03-03 12:24:33,445 [Stardog.Executor-20] com.clarkparsia.blackout.ProfileFilterBase:apply(39): Not a valid  OWL 2 QL axiom: EquivalentClasses(obo:PPO_0004012, and(obo:PO_0000003, some(obo:RO_0000056,obo:PPO_0000104))) 
WARN  2017-03-03 12:24:33,445 [Stardog.Executor-20] com.clarkparsia.blackout.ProfileFilterBase:apply(39): Not a valid  OWL 2 QL axiom: EquivalentClasses(obo:PPO_0004012, and(obo:PO_0000003, some(obo:RO_0000086,obo:PPO_0003014))) 
WARN  2017-03-03 12:24:33,446 [Stardog.Executor-20] com.clarkparsia.blackout.ProfileFilterBase:apply(39): Not a valid  OWL 2 QL axiom: EquivalentClasses(obo:PPO_0004013, and(obo:PO_0000003, some(obo:RO_0000056,obo:PPO_0000105))) 
WARN  2017-03-03 12:24:33,446 [Stardog.Executor-20] com.clarkparsia.blackout.ProfileFilterBase:apply(39): Not a valid  OWL 2 QL axiom: EquivalentClasses(obo:PPO_0004013, and(obo:PO_0000003, some(obo:RO_0000086,obo:PPO_0003015))) 
WARN  2017-03-03 12:24:33,447 [Stardog.Executor-20] com.clarkparsia.blackout.ProfileFilterBase:apply(39): Not a valid  OWL 2 QL axiom: EquivalentClasses(obo:PPO_0004014, and(obo:PO_0000003, some(obo:RO_0000056,obo:PPO_0000106))) 
WARN  2017-03-03 12:24:33,448 [Stardog.Executor-20] com.clarkparsia.blackout.ProfileFilterBase:apply(39): Not a valid  OWL 2 QL axiom: EquivalentClasses(obo:PPO_0004014, and(obo:PO_0000003, some(obo:RO_0000086,obo:PPO_0003016))) 
WARN  2017-03-03 12:24:33,449 [Stardog.Executor-20] com.clarkparsia.blackout.ProfileFilterBase:apply(39): Not a valid  OWL 2 QL axiom: EquivalentClasses(obo:PPO_0004015, and(obo:PO_0000003, some(obo:RO_0000056,obo:PPO_0000107))) 
WARN  2017-03-03 12:24:33,449 [Stardog.Executor-20] com.clarkparsia.blackout.ProfileFilterBase:apply(39): Not a valid  OWL 2 QL axiom: EquivalentClasses(obo:PPO_0004015, and(obo:PO_0000003, some(obo:RO_0000086,obo:PPO_0003017))) 
WARN  2017-03-03 12:24:33,449 [Stardog.Executor-20] com.clarkparsia.blackout.ProfileFilterBase:apply(39): Not a valid  OWL 2 QL axiom: EquivalentClasses(obo:PPO_0004016, and(obo:PO_0000003, some(obo:RO_0000056,obo:PPO_0000108))) 
WARN  2017-03-03 12:24:33,449 [Stardog.Executor-20] com.clarkparsia.blackout.ProfileFilterBase:apply(39): Not a valid  OWL 2 QL axiom: EquivalentClasses(obo:PPO_0004016, and(obo:PO_0000003, some(obo:RO_0000086,obo:PPO_0003018))) 
WARN  2017-03-03 12:24:33,449 [Stardog.Executor-20] com.clarkparsia.blackout.ProfileFilterBase:apply(39): Not a valid  OWL 2 QL axiom: EquivalentClasses(obo:PPO_0004017, and(obo:PO_0000003, some(obo:RO_0000056,obo:PPO_0000109))) 
WARN  2017-03-03 12:24:33,450 [Stardog.Executor-20] com.clarkparsia.blackout.ProfileFilterBase:apply(39): Not a valid  OWL 2 QL axiom: EquivalentClasses(obo:PPO_0004017, and(obo:PO_0000003, some(obo:RO_0000086,obo:PPO_0003019))) 
WARN  2017-03-03 12:24:33,450 [Stardog.Executor-20] com.clarkparsia.blackout.ProfileFilterBase:apply(39): Not a valid  OWL 2 QL axiom: EquivalentClasses(obo:PPO_0004018, and(obo:PO_0000003, some(obo:RO_0000056,obo:PPO_0000110))) 
WARN  2017-03-03 12:24:33,450 [Stardog.Executor-20] com.clarkparsia.blackout.ProfileFilterBase:apply(39): Not a valid  OWL 2 QL axiom: EquivalentClasses(obo:PPO_0004018, and(obo:PO_0000003, some(obo:RO_0000086,obo:PPO_0003020))) 
WARN  2017-03-03 12:24:33,450 [Stardog.Executor-20] com.clarkparsia.blackout.ProfileFilterBase:apply(39): Not a valid  OWL 2 QL axiom: EquivalentClasses(obo:PPO_0004019, and(obo:PO_0000003, some(obo:RO_0000056,obo:PPO_0000111))) 
WARN  2017-03-03 12:24:33,450 [Stardog.Executor-20] com.clarkparsia.blackout.ProfileFilterBase:apply(39): Not a valid  OWL 2 QL axiom: EquivalentClasses(obo:PPO_0004019, and(obo:PO_0000003, some(obo:RO_0000086,obo:PPO_0003021))) 
WARN  2017-03-03 12:24:33,451 [Stardog.Executor-20] com.clarkparsia.blackout.ProfileFilterBase:apply(39): Not a valid  OWL 2 QL axiom: EquivalentClasses(obo:PPO_0004020, and(obo:PO_0000003, some(obo:RO_0000056,obo:PPO_0000112))) 
WARN  2017-03-03 12:24:33,451 [Stardog.Executor-20] com.clarkparsia.blackout.ProfileFilterBase:apply(39): Not a valid  OWL 2 QL axiom: EquivalentClasses(obo:PPO_0004020, and(obo:PO_0000003, some(obo:RO_0000086,obo:PPO_0003022))) 
WARN  2017-03-03 12:24:33,451 [Stardog.Executor-20] com.clarkparsia.blackout.ProfileFilterBase:apply(39): Not a valid  OWL 2 QL axiom: EquivalentClasses(obo:PPO_0004021, and(obo:PO_0000003, some(obo:RO_0000056,obo:PPO_0000113))) 
WARN  2017-03-03 12:24:33,451 [Stardog.Executor-20] com.clarkparsia.blackout.ProfileFilterBase:apply(39): Not a valid  OWL 2 QL axiom: EquivalentClasses(obo:PPO_0004021, and(obo:PO_0000003, some(obo:RO_0000086,obo:PPO_0003023))) 
WARN  2017-03-03 12:24:33,451 [Stardog.Executor-20] com.clarkparsia.blackout.ProfileFilterBase:apply(39): Not a valid  OWL 2 QL axiom: EquivalentClasses(obo:UBERON_0000067, and(obo:UBERON_0000105, some(obo:BFO_0000050,obo:UBERON_0000068))) 
WARN  2017-03-03 12:24:33,452 [Stardog.Executor-20] com.clarkparsia.blackout.ProfileFilterBase:apply(39): Not a valid  OWL 2 QL axiom: EquivalentClasses(obo:UBERON_0000107, and(obo:UBERON_0000105, some(obo:RO_0002082,obo:GO_0040016))) 
WARN  2017-03-03 12:24:33,452 [Stardog.Executor-20] com.clarkparsia.blackout.ProfileFilterBase:apply(39): Not a valid  OWL 2 QL axiom: EquivalentClasses(oboInOwl:Subset, oneOf(obo:IAO_0000224)) 
WARN  2017-03-03 12:24:33,452 [Stardog.Executor-20] com.clarkparsia.blackout.ProfileFilterBase:apply(39): Not a valid  OWL 2 QL axiom: EquivalentClasses(or(some(obo:BFO_0000050,obo:UBERON_0000068), some(obo:BFO_0000050,obo:UBERON_0000092)), some(obo:BFO_0000050,obo:UBERON_0000104)) 
WARN  2017-03-03 12:24:33,459 [Stardog.Executor-20] com.clarkparsia.blackout.ProfileFilterBase:apply(39): Not a valid  OWL 2 QL axiom: SubPropertyOf(ObjectPropertyChain(inv(obo:BCO_0000086), obo:BCO_0000085),obo:BCO_0000087) 
WARN  2017-03-03 12:24:33,459 [Stardog.Executor-20] com.clarkparsia.blackout.ProfileFilterBase:apply(39): Not a valid  OWL 2 QL axiom: SubPropertyOf(ObjectPropertyChain(obo:BFO_0000050, obo:BFO_0000056),obo:BFO_0000056) 
WARN  2017-03-03 12:24:33,459 [Stardog.Executor-20] com.clarkparsia.blackout.ProfileFilterBase:apply(39): Not a valid  OWL 2 QL axiom: SubPropertyOf(ObjectPropertyChain(obo:BFO_0000050, obo:BFO_0000062),obo:BFO_0000062) 
WARN  2017-03-03 12:24:33,459 [Stardog.Executor-20] com.clarkparsia.blackout.ProfileFilterBase:apply(39): Not a valid  OWL 2 QL axiom: SubPropertyOf(ObjectPropertyChain(obo:BFO_0000050, obo:BFO_0000063),obo:BFO_0000063) 
WARN  2017-03-03 12:24:33,459 [Stardog.Executor-20] com.clarkparsia.blackout.ProfileFilterBase:apply(39): Not a valid  OWL 2 QL axiom: SubPropertyOf(ObjectPropertyChain(obo:BFO_0000051, obo:RO_0000057),obo:RO_0000057) 
WARN  2017-03-03 12:24:33,460 [Stardog.Executor-20] com.clarkparsia.blackout.ProfileFilterBase:apply(39): Not a valid  OWL 2 QL axiom: SubPropertyOf(ObjectPropertyChain(obo:RO_0002224, obo:RO_0002230),obo:RO_0002087) 
WARN  2017-03-03 12:24:33,460 [Stardog.Executor-20] com.clarkparsia.blackout.ProfileFilterBase:apply(39): Not a valid  OWL 2 QL axiom: SubPropertyOf(ObjectPropertyChain(obo:RO_0002230, obo:RO_0002224),obo:RO_0002090) 
